2026-01-29T08:05:33.301580900 | USER=jega | ACTION=CREATE_CUSTOMER | STATUS=SUCCESS
2026-01-29T08:49:06.060092500 | USER=jega | ACTION=CREATE_CUSTOMER | STATUS=SUCCESS
2026-01-29T08:49:06.073683600 | USER=jega | ACTION=CREATE_CUSTOMER | STATUS=FAILED
2026-01-29T08:52:33.578558300 | USER=jega | ACTION=CREATE_CUSTOMER | STATUS=SUCCESS
2026-01-29T08:56:51.879768600 | USER=jega | ACTION=CREATE_CUSTOMER | STATUS=SUCCESS
2026-01-29T09:03:03.712464400 | USER=jega | ACTION=CREATE_CUSTOMER | STATUS=SUCCESS
2026-01-30T08:01:19.554082700 | USER=jega | ACTION=OPEN_ACCOUNT | STATUS=SUCCESS
2026-01-30T08:19:30.385057700 | USER=jega | ACTION=TRANSFER | STATUS=FAILED
2026-01-30T08:20:32.801051100 | USER=jega | ACTION=OPEN_ACCOUNT | STATUS=SUCCESS
2026-01-30T08:20:50.135306200 | USER=jega | ACTION=TRANSFER | STATUS=FAILED
2026-01-30T08:24:10.984623100 | USER=jega | ACTION=TRANSFER | STATUS=FAILED
2026-01-30T08:28:50.454655 | USER=jega | ACTION=TRANSFER | STATUS=FAILED
2026-01-30T08:30:43.916845300 | USER=jega | ACTION=TRANSFER | STATUS=SUCCESS
2026-01-30T08:31:31.762984100 | USER=jega | ACTION=TRANSFER | STATUS=FAILED
2026-01-30T20:06:00.856105900 | USER=jega | ACTION=TRANSFER | STATUS=SUCCESS
2026-01-30T21:19:45.646865900 | USER=jega | ACTION=TRANSFER | STATUS=SUCCESS
2026-01-30T21:22:16.350863800 | USER=jega | ACTION=TRANSFER | STATUS=SUCCESS
2026-01-31T17:37:12.398168500 | USER=jega | ACTION=CREATE_CUSTOMER | STATUS=SUCCESS
2026-01-31T17:38:24.367286400 | USER=jega | ACTION=OPEN_ACCOUNT | STATUS=SUCCESS
[2026-01-31T17:38:24.389461800] USER=jega | ACTION=OPEN_ACCOUNT | STATUS=SUCCESS
2026-01-31T17:39:24.748545900 | USER=jega | ACTION=TRANSFER | STATUS=FAILED: Account not found: 2000
2026-01-31T17:40:00.283789500 | USER=jega | ACTION=TRANSFER | STATUS=SUCCESS
2026-01-31T18:52:36.247215900 | USER=jega | ACTION=CREATE_CUSTOMER | STATUS=SUCCESS
2026-01-31T18:53:28.367884200 | USER=jega | ACTION=OPEN_ACCOUNT | STATUS=SUCCESS
[2026-01-31T18:53:28.381649300] USER=jega | ACTION=OPEN_ACCOUNT | STATUS=SUCCESS
2026-01-31T18:55:01.956734 | USER=jega | ACTION=TRANSFER | STATUS=SUCCESS
2026-01-31T18:58:56.036240500 | USER=jega | ACTION=TRANSFER | STATUS=FAILED: Insufficient balance!
2026-01-31T18:59:23.455706600 | USER=jega | ACTION=TRANSFER | STATUS=SUCCESS
2026-02-01T18:20:26.128685400 | USER=jega | ACTION=TRANSFER | STATUS=SUCCESS
2026-02-03T08:59:37.270633100 | USER=jega | ACTION=TRANSFER | STATUS=FAILED: Daily transfer limit exceeded!
2026-02-03T09:00:20.492523400 | USER=jega | ACTION=TRANSFER | STATUS=FAILED: Daily transfer limit exceeded!
2026-02-03T09:00:58.322841600 | USER=jega | ACTION=TRANSFER | STATUS=FAILED: Insufficient balance!
2026-02-03T09:01:16.462485500 | USER=jega | ACTION=TRANSFER | STATUS=SUCCESS
2026-02-03T09:01:37.010396300 | USER=jega | ACTION=TRANSFER | STATUS=FAILED: Insufficient balance!
2026-02-03T09:01:47.997769800 | USER=jega | ACTION=TRANSFER | STATUS=FAILED: Daily transfer limit exceeded!
2026-02-03T09:01:57.070256900 | USER=jega | ACTION=TRANSFER | STATUS=FAILED: Daily transfer limit exceeded!
2026-02-05T16:51:02.225138 | USER=jega | ACTION=TRANSFER | STATUS=SUCCESS
2026-02-05T19:17:40.004925400 | USER=jega | ACTION=TRANSFER | STATUS=FAILED: Account not found: 9
2026-02-05T19:18:14.537194400 | USER=jega | ACTION=TRANSFER | STATUS=SUCCESS
2026-02-06T08:19:51.456407100 | USER=jega | ACTION=TRANSFER | STATUS=SUCCESS
2026-02-06T08:29:01.211473100 | USER=jega | ACTION=TRANSFER | STATUS=SUCCESS
2026-02-06T19:28:04.910195100 | USER=jega | ACTION=TRANSFER | STATUS=FAILED: Simulated crash after debit!
2026-02-06T19:31:06.242216900 | USER=jega | ACTION=TRANSFER | STATUS=FAILED: Simulated crash after debit!
2026-02-06T19:33:34.965173100 | USER=jega | ACTION=TRANSFER | STATUS=FAILED: Simulated crash after debit!
2026-02-06T19:34:37.140203100 | USER=jega | ACTION=TRANSFER | STATUS=SUCCESS
2026-02-06T20:03:07.933501200 | USER=jega | ACTION=TRANSFER | STATUS=FAILED: Simulated crash after debit!
2026-02-06T20:06:06.634744700 | USER=jega | ACTION=TRANSFER | STATUS=FAILED: Simulated crash after debit!
2026-02-06T20:08:07.402988 | USER=jega | ACTION=TRANSFER | STATUS=FAILED: Simulated crash after debit!
2026-02-06T20:09:30.855134700 | USER=jega | ACTION=TRANSFER | STATUS=SUCCESS
2026-02-07T11:40:45.562808 | USER=jega | ACTION=CREATE_CUSTOMER | STATUS=SUCCESS
2026-02-07T11:41:31.692433700 | USER=jega | ACTION=OPEN_ACCOUNT | STATUS=SUCCESS
[2026-02-07T11:41:31.710835300] USER=jega | ACTION=OPEN_ACCOUNT | STATUS=SUCCESS
2026-02-07T11:42:30.321595300 | USER=jega | ACTION=TRANSFER | STATUS=SUCCESS
2026-02-07T15:55:19.286509600 | USER=jega | ACTION=OPEN_ACCOUNT | STATUS=FAILED: Cannot add or update a child row: a foreign key constraint fails (`enterprise_bank`.`accounts`, CONSTRAINT `accounts_ibfk_1` FOREIGN KEY (`customer_id`) REFERENCES `customers` (`id`))
[2026-02-07T15:55:19.301340100] USER=jega | ACTION=OPEN_ACCOUNT | STATUS=FAILED: Cannot add or update a child row: a foreign key constraint fails (`enterprise_bank`.`accounts`, CONSTRAINT `accounts_ibfk_1` FOREIGN KEY (`customer_id`) REFERENCES `customers` (`id`))
2026-02-07T15:56:52.011148500 | USER=jega | ACTION=OPEN_ACCOUNT | STATUS=SUCCESS
[2026-02-07T15:56:52.013360300] USER=jega | ACTION=OPEN_ACCOUNT | STATUS=SUCCESS
2026-02-08T17:45:44.602809400 | USER=jega | ACTION=OPEN_ACCOUNT | STATUS=FAILED: Cannot add or update a child row: a foreign key constraint fails (`enterprise_bank`.`accounts`, CONSTRAINT `accounts_ibfk_1` FOREIGN KEY (`customer_id`) REFERENCES `customers` (`id`))
[2026-02-08T17:45:44.607839900] USER=jega | ACTION=OPEN_ACCOUNT | STATUS=FAILED: Cannot add or update a child row: a foreign key constraint fails (`enterprise_bank`.`accounts`, CONSTRAINT `accounts_ibfk_1` FOREIGN KEY (`customer_id`) REFERENCES `customers` (`id`))
2026-02-08T17:49:22.825221 | USER=jega | ACTION=OPEN_ACCOUNT | STATUS=FAILED: Cannot add or update a child row: a foreign key constraint fails (`enterprise_bank`.`accounts`, CONSTRAINT `accounts_ibfk_1` FOREIGN KEY (`customer_id`) REFERENCES `customers` (`id`))
[2026-02-08T17:49:22.828662900] USER=jega | ACTION=OPEN_ACCOUNT | STATUS=FAILED: Cannot add or update a child row: a foreign key constraint fails (`enterprise_bank`.`accounts`, CONSTRAINT `accounts_ibfk_1` FOREIGN KEY (`customer_id`) REFERENCES `customers` (`id`))
2026-02-08T17:50:50.148453600 | USER=jega | ACTION=OPEN_ACCOUNT | STATUS=SUCCESS
[2026-02-08T17:50:50.152327900] USER=jega | ACTION=OPEN_ACCOUNT | STATUS=SUCCESS
2026-02-08T17:51:17.456493900 | USER=jega | ACTION=TRANSFER | STATUS=FAILED: Account not found: 8
2026-02-15T18:27:32.558346 | USER=jega | ACTION=OPEN_ACCOUNT | STATUS=FAILED: Cannot add or update a child row: a foreign key constraint fails (`enterprise_bank`.`accounts`, CONSTRAINT `accounts_ibfk_1` FOREIGN KEY (`customer_id`) REFERENCES `customers` (`id`))
[2026-02-15T18:27:32.562507600] USER=jega | ACTION=OPEN_ACCOUNT | STATUS=FAILED: Cannot add or update a child row: a foreign key constraint fails (`enterprise_bank`.`accounts`, CONSTRAINT `accounts_ibfk_1` FOREIGN KEY (`customer_id`) REFERENCES `customers` (`id`))
2026-02-15T18:30:03.755760100 | USER=jega | ACTION=OPEN_ACCOUNT | STATUS=SUCCESS
[2026-02-15T18:30:03.757758800] USER=jega | ACTION=OPEN_ACCOUNT | STATUS=SUCCESS
2026-02-15T18:40:34.935903200 | USER=jega | ACTION=CREATE_CUSTOMER | STATUS=SUCCESS
2026-02-15T18:41:02.442707400 | USER=jega | ACTION=CREATE_CUSTOMER | STATUS=SUCCESS
2026-02-15T18:41:37.898143900 | USER=jega | ACTION=OPEN_ACCOUNT | STATUS=SUCCESS
[2026-02-15T18:41:37.901229500] USER=jega | ACTION=OPEN_ACCOUNT | STATUS=SUCCESS
2026-02-15T18:42:05.385609100 | USER=jega | ACTION=OPEN_ACCOUNT | STATUS=SUCCESS
[2026-02-15T18:42:05.385609100] USER=jega | ACTION=OPEN_ACCOUNT | STATUS=SUCCESS
2026-02-15T18:42:33.639911 | USER=jega | ACTION=TRANSFER | STATUS=SUCCESS
2026-02-15T19:01:52.059596100 | USER=jega | ACTION=CREATE_CUSTOMER | STATUS=SUCCESS
2026-02-15T19:05:33.774286800 | USER=jega | ACTION=OPEN_ACCOUNT | STATUS=FAILED: Cannot add or update a child row: a foreign key constraint fails (`enterprise_bank`.`accounts`, CONSTRAINT `accounts_ibfk_1` FOREIGN KEY (`customer_id`) REFERENCES `customers` (`id`))
[2026-02-15T19:05:33.779116300] USER=jega | ACTION=OPEN_ACCOUNT | STATUS=FAILED: Cannot add or update a child row: a foreign key constraint fails (`enterprise_bank`.`accounts`, CONSTRAINT `accounts_ibfk_1` FOREIGN KEY (`customer_id`) REFERENCES `customers` (`id`))
2026-02-15T19:06:09.781282300 | USER=jega | ACTION=OPEN_ACCOUNT | STATUS=SUCCESS
[2026-02-15T19:06:09.784248800] USER=jega | ACTION=OPEN_ACCOUNT | STATUS=SUCCESS
2026-02-15T19:08:19.721433100 | USER=jega | ACTION=TRANSFER | STATUS=SUCCESS
2026-02-17T07:51:48.630677900 | USER=jega | ACTION=TRANSFER | STATUS=SUCCESS
2026-02-17T08:00:59.643863600 | USER=jega | ACTION=TRANSFER | STATUS=SUCCESS
2026-02-17T08:08:51.243409800 | USER=jega | ACTION=TRANSFER | STATUS=FAILED: Account not found: 11
2026-02-17T08:11:04.458684100 | USER=jega | ACTION=TRANSFER | STATUS=SUCCESS
2026-02-17T11:20:23.285009300 | USER=jega | ACTION=CREATE_CUSTOMER | STATUS=SUCCESS
